<?xml version="1.0" encoding="UTF-8"?>
<!-- Generated by org.testng.reporters.JUnitReportReporter -->
<testsuite hostname="mk-Inspiron-15-3520" failures="0" tests="1" name="tests.SaucedemoLoginTest" time="30.196" errors="0" timestamp="2025-05-06T18:24:17 BRT" skipped="0">
  <testcase classname="tests.SaucedemoLoginTest" name="testLoginSaucedemo" time="30.196"/>
</testsuite> <!-- tests.SaucedemoLoginTest -->
